<?xml version="1.0" encoding="UTF-8"?>
<!-- Generated by org.testng.reporters.JUnitXMLReporter -->
<testsuite ignored="0" hostname="LTIN188780" failures="0" tests="12" name="Test" time="134.965" errors="0" timestamp="2024-02-28T12:32:09 IST">
  <testcase classname="Main_TestNG.RegressionTesting" name="testLogo" time="4.221"/>
  <testcase classname="Main_TestNG.SmokeTesting" name="car_Loan" time="0.966"/>
  <testcase classname="Main_TestNG.SmokeTesting" name="home_Loan" time="2.441"/>
  <testcase classname="Main_TestNG.RegressionTesting" name="Car_Loan" time="5.896"/>
  <testcase classname="Main_TestNG.SmokeTesting" name="Loan_cal1" time="2.016"/>
  <testcase classname="Main_TestNG.RegressionTesting" name="EMI_Calculation" time="2.453"/>
  <testcase classname="Main_TestNG.SmokeTesting" name="Loan_cal2" time="0.317"/>
  <testcase classname="Main_TestNG.SmokeTesting" name="Loan_cal3" time="0.335"/>
  <testcase classname="Main_TestNG.RegressionTesting" name="Home_page" time="18.237"/>
  <testcase classname="Main_TestNG.RegressionTesting" name="Calc1" time="28.831"/>
  <testcase classname="Main_TestNG.RegressionTesting" name="Calc2" time="24.2"/>
  <testcase classname="Main_TestNG.RegressionTesting" name="Calc3" time="28.552"/>
</testsuite> <!-- Test -->
