<?xml version="1.0" encoding="UTF-8"?>
<testng-results ignored="0" total="1" passed="1" failed="0" skipped="0">
  <reporter-output>
  </reporter-output>
  <suite started-at="2024-02-28T12:38:38 IST" name="Default suite" finished-at="2024-02-28T12:39:05 IST" duration-ms="27006">
    <groups>
      <group name="cucumber">
        <method signature="AbstractTestNGCucumberTests.runScenario(io.cucumber.testng.PickleWrapper,io.cucumber.testng.FeatureWrapper)[pri:0, instance:Cucumber.Tests.testRunnerSmoke@470734c3]" name="runScenario" class="io.cucumber.testng.AbstractTestNGCucumberTests"/>
      </group> <!-- cucumber -->
    </groups>
    <test started-at="2024-02-28T12:38:38 IST" name="Default test" finished-at="2024-02-28T12:39:05 IST" duration-ms="27006">
      <class name="Cucumber.Tests.testRunnerSmoke">
        <test-method is-config="true" signature="setUpClass(org.testng.ITestContext)[pri:0, instance:Cucumber.Tests.testRunnerSmoke@470734c3]" started-at="2024-02-28T12:38:38 IST" name="setUpClass" finished-at="2024-02-28T12:38:54 IST" duration-ms="15938" status="PASS">
          <params>
            <param index="0">
              <value>
                <![CDATA[org.testng.TestRunner@78ec89a6]]>
              </value>
            </param>
          </params>
          <reporter-output>
          </reporter-output>
        </test-method> <!-- setUpClass -->
        <test-method signature="runScenario(io.cucumber.testng.PickleWrapper,io.cucumber.testng.FeatureWrapper)[pri:0, instance:Cucumber.Tests.testRunnerSmoke@470734c3]" started-at="2024-02-28T12:38:54 IST" name="runScenario" description="Runs Cucumber Scenarios" data-provider="scenarios" finished-at="2024-02-28T12:39:03 IST" duration-ms="9427" status="PASS">
          <params>
            <param index="0">
              <value>
                <![CDATA["Smoke Testing"]]>
              </value>
            </param>
            <param index="1">
              <value>
                <![CDATA["Emi Calculator"]]>
              </value>
            </param>
          </params>
          <reporter-output>
          </reporter-output>
        </test-method> <!-- runScenario -->
        <test-method is-config="true" signature="tearDownClass()[pri:0, instance:Cucumber.Tests.testRunnerSmoke@470734c3]" started-at="2024-02-28T12:39:03 IST" name="tearDownClass" finished-at="2024-02-28T12:39:05 IST" duration-ms="1537" status="PASS">
          <reporter-output>
          </reporter-output>
        </test-method> <!-- tearDownClass -->
      </class> <!-- Cucumber.Tests.testRunnerSmoke -->
    </test> <!-- Default test -->
  </suite> <!-- Default suite -->
</testng-results>
